This is XeTeX, Version 3.14159265-2.6-0.99996 (TeX Live 2016/TeX Live for SUSE Linux) (preloaded format=xelatex 2017.3.14)  6 APR 2017 16:02
entering extended mode
 restricted \write18 enabled.
 %&-line parsing enabled.
**ReadingNotes.tex
(./ReadingNotes.tex
LaTeX2e <2016/03/31>
Babel <3.9r> and hyphenation patterns for 83 language(s) loaded.
(/usr/share/texmf/tex/latex/base/book.cls
Document Class: book 2014/09/29 v1.4h Standard LaTeX document class
(/usr/share/texmf/tex/latex/base/bk10.clo
File: bk10.clo 2014/09/29 v1.4h Standard LaTeX file (size option)
)
\c@part=\count79
\c@chapter=\count80
\c@section=\count81
\c@subsection=\count82
\c@subsubsection=\count83
\c@paragraph=\count84
\c@subparagraph=\count85
\c@figure=\count86
\c@table=\count87
\abovecaptionskip=\skip41
\belowcaptionskip=\skip42
\bibindent=\dimen102
)
(/usr/share/texmf/tex/generic/babel/babel.sty
Package: babel 2016/04/23 3.9r The Babel package

(/usr/share/texmf/tex/generic/babel-english/english.ldf
Language: english 2012/08/20 v3.3p English support from the babel system

(/usr/share/texmf/tex/generic/babel/babel.def
File: babel.def 2016/04/23 3.9r Babel common definitions
\babel@savecnt=\count88
\U@D=\dimen103

(/usr/share/texmf/tex/generic/babel/xebabel.def))
\l@canadian = a dialect from \language\l@american 
\l@australian = a dialect from \language\l@british 
\l@newzealand = a dialect from \language\l@british 
))
(/usr/share/texmf/tex/latex/amsmath/amsmath.sty
Package: amsmath 2016/03/10 v2.15b AMS math features
\@mathmargin=\skip43

For additional information on amsmath, use the `?' option.
(/usr/share/texmf/tex/latex/amsmath/amstext.sty
Package: amstext 2000/06/29 v2.01 AMS text

(/usr/share/texmf/tex/latex/amsmath/amsgen.sty
File: amsgen.sty 1999/11/30 v2.0 generic functions
\@emptytoks=\toks14
\ex@=\dimen104
))
(/usr/share/texmf/tex/latex/amsmath/amsbsy.sty
Package: amsbsy 1999/11/29 v1.2d Bold Symbols
\pmbraise@=\dimen105
)
(/usr/share/texmf/tex/latex/amsmath/amsopn.sty
Package: amsopn 2016/03/08 v2.02 operator names
)
\inf@bad=\count89
LaTeX Info: Redefining \frac on input line 199.
\uproot@=\count90
\leftroot@=\count91
LaTeX Info: Redefining \overline on input line 297.
\classnum@=\count92
\DOTSCASE@=\count93
LaTeX Info: Redefining \ldots on input line 394.
LaTeX Info: Redefining \dots on input line 397.
LaTeX Info: Redefining \cdots on input line 518.
\Mathstrutbox@=\box26
\strutbox@=\box27
\big@size=\dimen106
LaTeX Font Info:    Redeclaring font encoding OML on input line 634.
LaTeX Font Info:    Redeclaring font encoding OMS on input line 635.
\macc@depth=\count94
\c@MaxMatrixCols=\count95
\dotsspace@=\muskip10
\c@parentequation=\count96
\dspbrk@lvl=\count97
\tag@help=\toks15
\row@=\count98
\column@=\count99
\maxfields@=\count100
\andhelp@=\toks16
\eqnshift@=\dimen107
\alignsep@=\dimen108
\tagshift@=\dimen109
\tagwidth@=\dimen110
\totwidth@=\dimen111
\lineht@=\dimen112
\@envbody=\toks17
\multlinegap=\skip44
\multlinetaggap=\skip45
\mathdisplay@stack=\toks18
LaTeX Info: Redefining \[ on input line 2739.
LaTeX Info: Redefining \] on input line 2740.
)
(/usr/share/texmf/tex/latex/amsfonts/amssymb.sty
Package: amssymb 2013/01/14 v3.01 AMS font symbols

(/usr/share/texmf/tex/latex/amsfonts/amsfonts.sty
Package: amsfonts 2013/01/14 v3.01 Basic AMSFonts support
\symAMSa=\mathgroup4
\symAMSb=\mathgroup5
LaTeX Font Info:    Overwriting math alphabet `\mathfrak' in version `bold'
(Font)                  U/euf/m/n --> U/euf/b/n on input line 106.
))
(/usr/share/texmf/tex/latex/graphics/graphicx.sty
Package: graphicx 2014/10/28 v1.0g Enhanced LaTeX Graphics (DPC,SPQR)

(/usr/share/texmf/tex/latex/graphics/keyval.sty
Package: keyval 2014/10/28 v1.15 key=value parser (DPC)
\KV@toks@=\toks19
)
(/usr/share/texmf/tex/latex/graphics/graphics.sty
Package: graphics 2016/05/09 v1.0r Standard LaTeX Graphics (DPC,SPQR)

(/usr/share/texmf/tex/latex/graphics/trig.sty
Package: trig 2016/01/03 v1.10 sin cos tan (DPC)
)
(/usr/share/texmf/tex/latex/graphics-cfg/graphics.cfg
File: graphics.cfg 2016/01/02 v1.10 sample graphics configuration
)
Package graphics Info: Driver file: xetex.def on input line 96.

(/usr/share/texmf/tex/xelatex/xetex-def/xetex.def
File: xetex.def 2016/04/06 v4.08 LaTeX color/graphics driver for XeTeX (TeX Liv
e/RRM/JK)

(/usr/share/texmf/tex/generic/oberdiek/infwarerr.sty
Package: infwarerr 2016/05/16 v1.4 Providing info/warning/error messages (HO)
)
(/usr/share/texmf/tex/generic/oberdiek/ltxcmds.sty
Package: ltxcmds 2016/05/16 v1.23 LaTeX kernel commands for general use (HO)
)))
\Gin@req@height=\dimen113
\Gin@req@width=\dimen114
)
(/usr/share/texmf/tex/latex/tools/enumerate.sty
Package: enumerate 2015/07/23 v3.00 enumerate extensions (DPC)
\@enLab=\toks20
)
(/usr/share/texmf/tex/latex/bbm-macros/bbm.sty
Package: bbm 1999/03/15 V 1.2 provides fonts for set symbols - TH
LaTeX Font Info:    Overwriting math alphabet `\mathbbm' in version `bold'
(Font)                  U/bbm/m/n --> U/bbm/bx/n on input line 33.
LaTeX Font Info:    Overwriting math alphabet `\mathbbmss' in version `bold'
(Font)                  U/bbmss/m/n --> U/bbmss/bx/n on input line 35.
)
(/usr/share/texmf/tex/latex/base/latexsym.sty
Package: latexsym 1998/08/17 v2.2e Standard LaTeX package (lasy symbols)
\symlasy=\mathgroup6
LaTeX Font Info:    Overwriting symbol font `lasy' in version `bold'
(Font)                  U/lasy/m/n --> U/lasy/b/n on input line 52.
)
(/usr/share/texmf/tex/latex/tools/theorem.sty
Package: theorem 2014/10/28 v2.2c Theorem extension package (FMi)
\theorem@style=\toks21
\theorem@bodyfont=\toks22
\theorempreskipamount=\skip46
\theorempostskipamount=\skip47

(/usr/share/texmf/tex/latex/tools/thp.sty
File: thp.sty 2014/10/28 v2.2c Theorem extension package (FMi)
))
\c@corollary=\count101
\c@definition=\count102
\c@example=\count103
\c@lemma=\count104
\c@proposition=\count105
\c@theorem=\count106
 (./ReadingNotes.aux)
\openout1 = `ReadingNotes.aux'.

LaTeX Font Info:    Checking defaults for OML/cmm/m/it on input line 34.
LaTeX Font Info:    ... okay on input line 34.
LaTeX Font Info:    Checking defaults for T1/cmr/m/n on input line 34.
LaTeX Font Info:    ... okay on input line 34.
LaTeX Font Info:    Checking defaults for OT1/cmr/m/n on input line 34.
LaTeX Font Info:    ... okay on input line 34.
LaTeX Font Info:    Checking defaults for OMS/cmsy/m/n on input line 34.
LaTeX Font Info:    ... okay on input line 34.
LaTeX Font Info:    Checking defaults for OMX/cmex/m/n on input line 34.
LaTeX Font Info:    ... okay on input line 34.
LaTeX Font Info:    Checking defaults for U/cmr/m/n on input line 34.
LaTeX Font Info:    ... okay on input line 34.
LaTeX Font Info:    Try loading font information for U+msa on input line 43.

(/usr/share/texmf/tex/latex/amsfonts/umsa.fd
File: umsa.fd 2013/01/14 v3.01 AMS symbols A
)
LaTeX Font Info:    Try loading font information for U+msb on input line 43.

(/usr/share/texmf/tex/latex/amsfonts/umsb.fd
File: umsb.fd 2013/01/14 v3.01 AMS symbols B
)
LaTeX Font Info:    Try loading font information for U+lasy on input line 43.

(/usr/share/texmf/tex/latex/base/ulasy.fd
File: ulasy.fd 1998/08/17 v2.2e LaTeX symbol font definitions
) [1


] [2

] [3] [4

] [5] [6]
Chapter 1.

Overfull \hbox (10.27838pt too wide) in paragraph at lines 73--75
\OT1/cmr/m/n/10 In gen-eral, the Hilbert space has the prop-erty de-scribed in 
the fol-low-ing theorem:[[]] 
 []


LaTeX Font Warning: Font shape `OT1/cmss/m/sc' in size <10> not available
(Font)              Font shape `OT1/cmr/m/sc' tried instead on input line 78.


Overfull \hbox (8.12144pt too wide) in paragraph at lines 77--79
[]\OT1/cmr/m/it/10 Every sep-a-ra-ble Hilbert space
 []

LaTeX Font Info:    Try loading font information for U+bbm on input line 82.
(/usr/share/texmf/tex/latex/bbm-macros/ubbm.fd
File: ubbm.fd 1999/03/15 V 1.2 Font definition for bbm font - TH
) [7

]

LaTeX Warning: Reference `sec:haarWavelet' on page 8 undefined on input line 12
0.


Overfull \hbox (13.15967pt too wide) in paragraph at lines 130--134
[]\OT1/cmr/m/it/10 A mul-tires-o-lu-tion anal-y-sis for $\OML/cmm/m/it/10 L[]\O
T1/cmr/m/n/10 (\U/bbm/m/n/10 R\OT1/cmr/m/n/10 )$
 []


Overfull \hbox (2.51968pt too wide) in paragraph at lines 177--182
[]\OT1/cmr/m/n/10 Lemma 1[](ii) shows that the space $\OML/cmm/m/it/10 V[]$ \OT
1/cmr/m/n/10 in a mul-tires-o-lu-tion anal-y-sis are uniquely
 []

[8]
LaTeX Font Info:    Try loading font information for OMS+cmr on input line 202.

 (/usr/share/texmf/tex/latex/base/omscmr.fd
File: omscmr.fd 2014/09/29 v2.5h Standard LaTeX font definitions
)
LaTeX Font Info:    Font shape `OMS/cmr/m/n' in size <10> not available
(Font)              Font shape `OMS/cmsy/m/n' tried instead on input line 202.

Overfull \hbox (48.99751pt too wide) has occurred while \output is active
\OT1/cmr/m/sl/10 1.1.  AN ABSTRACT WAY OF INTRODUCING DISCRETE WAVELET TRANSFOR
M \OT1/cmr/m/n/10 9
 []

[9]
Overfull \hbox (0.3746pt too wide) in paragraph at lines 251--254
[]\OT1/cmr/m/it/10 Assume that the func-tion $\OML/cmm/m/it/10 ^^^ \OMS/cmsy/m/
n/10 2 \OML/cmm/m/it/10 L[]\OT1/cmr/m/n/10 (\U/bbm/m/n/10 R\OT1/cmr/m/n/10 )$ \
OT1/cmr/m/it/10 gen-
 []


Overfull \hbox (8.32451pt too wide) in paragraph at lines 296--298
[]\OT1/cmr/m/it/10 Assume that (1.4[]) holds
 []

[10]
Overfull \hbox (11.65193pt too wide) in paragraph at lines 350--352
[]\OT1/cmr/m/it/10 Let $\OML/cmm/m/it/10 ^^^ \OMS/cmsy/m/n/10 2
 []


Overfull \hbox (53.99753pt too wide) has occurred while \output is active
\OT1/cmr/m/sl/10 1.1.  AN ABSTRACT WAY OF INTRODUCING DISCRETE WAVELET TRANSFOR
M \OT1/cmr/m/n/10 11
 []

[11]
Overfull \hbox (69.62073pt too wide) in alignment at lines 400--405
 [][][] []
 []


Overfull \hbox (2.68053pt too wide) in paragraph at lines 427--431
[]\OT1/cmr/m/it/10 Assume that the func-tion $\OML/cmm/m/it/10   \OMS/cmsy/m/n/
10 2
 []

[12]
Overfull \hbox (23.50938pt too wide) detected at line 467
[]\OT1/cmr/m/n/10 (\OML/cmm/m/it/10 ^^M\OT1/cmr/m/n/10 ) = \OML/cmm/m/it/10 H[]
\OT1/cmr/m/n/10 (\OML/cmm/m/it/10 ^^M=\OT1/cmr/m/n/10 2)[](\OML/cmm/m/it/10 ^^M
=\OT1/cmr/m/n/10 2) = \OML/cmm/m/it/10 H[]\OT1/cmr/m/n/10 (\OML/cmm/m/it/10 ^^M
=\OT1/cmr/m/n/10 2)\OML/cmm/m/it/10 H[]\OT1/cmr/m/n/10 (\OML/cmm/m/it/10 ^^M=\O
T1/cmr/m/n/10 4)[](\OML/cmm/m/it/10 ^^M=\OT1/cmr/m/n/10 4) = \OML/cmm/m/it/10 H
[]\OT1/cmr/m/n/10 (\OML/cmm/m/it/10 ^^M=\OT1/cmr/m/n/10 2)\OML/cmm/m/it/10 H[]\
OT1/cmr/m/n/10 (\OML/cmm/m/it/10 ^^M=\OT1/cmr/m/n/10 4)\OML/cmm/m/it/10 H[]\OT1
/cmr/m/n/10 (\OML/cmm/m/it/10 ^^M=\OT1/cmr/m/n/10 8)[](\OML/cmm/m/it/10 ^^M=\OT
1/cmr/m/n/10 8)\OML/cmm/m/it/10 ;
 []


Overfull \hbox (3.9124pt too wide) detected at line 471
[]\OT1/cmr/m/n/10 (\OML/cmm/m/it/10 ^^M\OT1/cmr/m/n/10 ) = \OML/cmm/m/it/10 H[]
\OT1/cmr/m/n/10 (\OML/cmm/m/it/10 ^^M=\OT1/cmr/m/n/10 2)\OML/cmm/m/it/10 H[]\OT
1/cmr/m/n/10 (\OML/cmm/m/it/10 ^^M=\OT1/cmr/m/n/10 4)\OML/cmm/m/it/10 H[]\OT1/c
mr/m/n/10 (\OML/cmm/m/it/10 ^^M=\OT1/cmr/m/n/10 8) [] \OML/cmm/m/it/10 H[]\OT1/
cmr/m/n/10 (\OML/cmm/m/it/10 ^^M=\OT1/cmr/m/n/10 2[])[](\OML/cmm/m/it/10 ^^M=\O
T1/cmr/m/n/10 2[]) = [](\OML/cmm/m/it/10 ^^M=\OT1/cmr/m/n/10 2[]) [] \OML/cmm/m
/it/10 H[]\OT1/cmr/m/n/10 (\OML/cmm/m/it/10 ^^M=\OT1/cmr/m/n/10 2[])\OML/cmm/m/
it/10 :
 []


Overfull \hbox (53.99753pt too wide) has occurred while \output is active
\OT1/cmr/m/sl/10 1.1.  AN ABSTRACT WAY OF INTRODUCING DISCRETE WAVELET TRANSFOR
M \OT1/cmr/m/n/10 13
 []

[13] [14] [15]
File: HaarWavelet.png Graphic file (type QTm)
 <use  "HaarWavelet.png" >
! Illegal unit of measure (pt inserted).
<to be read again> 
                   p
l.594 ...604px}{\includegraphics{HaarWavelet.png}}
                                                  
? H
Dimensions can be in units of em, ex, in, pt, pc,
cm, mm, dd, cc, bp, or sp; but yours is a new one!
I'll assume that you meant to say pt, for printer's points.
To recover gracefully from this error, it's best to
delete the erroneous units; e.g., type `2' to delete
two letters. (See Chapter 27 of The TeXbook.)

? 
! Illegal unit of measure (pt inserted).
<to be read again> 
                   p
l.594 ...604px}{\includegraphics{HaarWavelet.png}}
                                                  
? 

Overfull \hbox (216.14857pt too wide) in paragraph at lines 594--597
[]\OT1/cmr/m/n/10 pxpx[] 
 []


LaTeX Warning: Float too large for page by 90.51404pt on input line 598.


LaTeX Warning: `h' float specifier changed to `ht'.

File: HaarWavelet2.png Graphic file (type QTm)
<use  "HaarWavelet2.png" >
! Illegal unit of measure (pt inserted).
<to be read again> 
                   p
l.609 ...02px}{\includegraphics{HaarWavelet2.png}}
                                                  
? 
! Illegal unit of measure (pt inserted).
<to be read again> 
                   p
l.609 ...02px}{\includegraphics{HaarWavelet2.png}}
                                                  
? 

LaTeX Warning: `h' float specifier changed to `ht'.

[16] [17] [18] [19] [20]
Chapter 2.

Overfull \hbox (8.8113pt too wide) in paragraph at lines 758--758
[]\OT1/cmr/bx/n/14.4 The Con-struc-tion of Daubechies Wavelet Sys-
 []

[21

]
Overfull \hbox (19.9025pt too wide) has occurred while \output is active
\OT1/cmr/m/n/10 22 \OT1/cmr/m/sl/10 CHAPTER 2.  CONSTRUCTION AND PROPERTIES OF 
WAVELET SYSTEM
 []

[22]
Overfull \hbox (2.15689pt too wide) in paragraph at lines 857--857
[]\OT1/cmr/bx/n/12 Example: The Daubechies 4 Co-ef-fi-cient Wavelet Sys-
 []

[23]
Overfull \hbox (19.9025pt too wide) has occurred while \output is active
\OT1/cmr/m/n/10 24 \OT1/cmr/m/sl/10 CHAPTER 2.  CONSTRUCTION AND PROPERTIES OF 
WAVELET SYSTEM
 []

[24] [25]
Overfull \hbox (40.66225pt too wide) detected at line 1019
[] \OT1/cmr/m/n/10 = [] [] []
 []


Overfull \hbox (19.9025pt too wide) has occurred while \output is active
\OT1/cmr/m/n/10 26 \OT1/cmr/m/sl/10 CHAPTER 2.  CONSTRUCTION AND PROPERTIES OF 
WAVELET SYSTEM
 []

[26] [27]
Overfull \hbox (19.9025pt too wide) has occurred while \output is active
\OT1/cmr/m/n/10 28 \OT1/cmr/m/sl/10 CHAPTER 2.  CONSTRUCTION AND PROPERTIES OF 
WAVELET SYSTEM
 []

[28

]
Chapter 3.
[29] [30

] [31] [32]
Chapter 4.
[33

] [34

]
Missing character: There is no 王 in font cmr10!
Missing character: There is no 记 in font cmr10!
Missing character: There is no 增 in font cmr10!
Missing character: There is no 正 in font cmti10!
Missing character: There is no 交 in font cmti10!
Missing character: There is no 小 in font cmti10!
Missing character: There is no 波 in font cmti10!
Missing character: There is no 统 in font cmti10!
Missing character: There is no 一 in font cmti10!
Missing character: There is no 理 in font cmti10!
Missing character: There is no 论 in font cmti10!
Missing character: There is no 与 in font cmti10!
Missing character: There is no 方 in font cmti10!
Missing character: There is no 法 in font cmti10!
Missing character: There is no 及 in font cmti10!
Missing character: There is no 其 in font cmti10!
Missing character: There is no 在 in font cmti10!
Missing character: There is no 压 in font cmti10!
Missing character: There is no 电 in font cmti10!
Missing character: There is no 智 in font cmti10!
Missing character: There is no 能 in font cmti10!
Missing character: There is no 结 in font cmti10!
Missing character: There is no 构 in font cmti10!
Missing character: There is no 等 in font cmti10!
Missing character: There is no 力 in font cmti10!
Missing character: There is no 学 in font cmti10!
Missing character: There is no 研 in font cmti10!
Missing character: There is no 究 in font cmti10!
Missing character: There is no 中 in font cmti10!
Missing character: There is no 的 in font cmti10!
Missing character: There is no 应 in font cmti10!
Missing character: There is no 用 in font cmti10!
 [35] (./ReadingNotes.aux)

LaTeX Warning: There were undefined references.

 ) 
Here is how much of TeX's memory you used:
 2366 strings out of 493591
 28846 string characters out of 6150859
 95616 words of memory out of 5000000
 5729 multiletter control sequences out of 15000+600000
 15487 words of font info for 65 fonts, out of 8000000 for 9000
 1347 hyphenation exceptions out of 8191
 27i,9n,26p,286b,306s stack positions out of 5000i,500n,10000p,200000b,80000s

Output written on ReadingNotes.pdf (35 pages).
